#
# A fatal error has been detected by the Java Runtime Environment:
#
#  EXCEPTION_ACCESS_VIOLATION (0xc0000005) at pc=0x00007ff8647258d0, pid=16496, tid=0x0000000000001bb0
#
# JRE version: Java(TM) SE Runtime Environment (8.0_202-b08) (build 1.8.0_202-b08)
# Java VM: Java HotSpot(TM) 64-Bit Server VM (25.202-b08 mixed mode windows-amd64 compressed oops)
# Problematic frame:
# C  [nvoglv64.dll+0xa358d0]
#
# Failed to write core dump. Minidumps are not enabled by default on client versions of Windows
#
# If you would like to submit a bug report, please visit:
#   http://bugreport.java.com/bugreport/crash.jsp
# The crash happened outside the Java Virtual Machine in native code.
# See problematic frame for where to report the bug.
#

---------------  T H R E A D  ---------------

Current thread (0x0000000002d24000):  JavaThread "main" [_thread_in_native, id=7088, stack(0x0000000002aa0000,0x0000000002ba0000)]

siginfo: ExceptionCode=0xc0000005, reading address 0x0000000000002700

Registers:
RAX=0x0000000000000006, RBX=0x0000000000000280, RCX=0x0000000025dab428, RDX=0x0000000000000000
RSP=0x0000000002b9ecc0, RBP=0x0000000000000003, RSI=0x0000000000000006, RDI=0x0000000025dab428
R8 =0x0000000000000002, R9 =0xffffffffda2572d8, R10=0x0000000000002700, R11=0x0000000000000006
R12=0x0000000000000270, R13=0x00007ff863cf0000, R14=0x0000000000000000, R15=0x0000000021270328
RIP=0x00007ff8647258d0, EFLAGS=0x0000000000010297

Top of Stack: (sp=0x0000000002b9ecc0)
0x0000000002b9ecc0:   00000000000000b8 0000000002d24000
0x0000000002b9ecd0:   00000007c00b4fb0 00007ff8645983fb
0x0000000002b9ece0:   0000000000000270 0000000000000000
0x0000000002b9ecf0:   0000000000000000 000000000003810b
0x0000000002b9ed00:   0000000021270328 00007ff8647266cb
0x0000000002b9ed10:   000000002126e080 0000000000000004
0x0000000002b9ed20:   0000000000000006 0000000002d24000
0x0000000002b9ed30:   0000000002d24000 0000000002b9ee10
0x0000000002b9ed40:   000000002dd97808 0000000000000000
0x0000000002b9ed50:   0000000002e2835d 0000000002e38c67
0x0000000002b9ed60:   000000002dd97810 0000000002b9ede0
0x0000000002b9ed70:   000000001f760200 0000000002e391c6
0x0000000002b9ed80:   0000000000000006 000000002dd96fd0
0x0000000002b9ed90:   000000001f760200 0000000002d24000
0x0000000002b9eda0:   0000000002b9eda0 0000000000000000
0x0000000002b9edb0:   0000000002b9ee10 000000002dda2190 

Instructions: (pc=0x00007ff8647258d0)
0x00007ff8647258b0:   3b 08 4c 8b de 33 d2 45 85 c0 7e 2a 4d 8b ca 48
0x00007ff8647258c0:   8b cf 4c 2b cf 66 66 66 0f 1f 84 00 00 00 00 00
0x00007ff8647258d0:   42 8b 04 09 ff c2 89 01 48 8d 49 04 46 8b 44 3b
0x00007ff8647258e0:   08 41 3b d0 7c ea 4a 63 44 3b 10 4c 03 d0 4a 63 


Register to memory mapping:

RAX=0x0000000000000006 is an unknown value
RBX=0x0000000000000280 is an unknown value
RCX=0x0000000025dab428 is an unknown value
RDX=0x0000000000000000 is an unknown value
RSP=0x0000000002b9ecc0 is pointing into the stack for thread: 0x0000000002d24000
RBP=0x0000000000000003 is an unknown value
RSI=0x0000000000000006 is an unknown value
RDI=0x0000000025dab428 is an unknown value
R8 =0x0000000000000002 is an unknown value
R9 =0xffffffffda2572d8 is an unknown value
R10=0x0000000000002700 is an unknown value
R11=0x0000000000000006 is an unknown value
R12=0x0000000000000270 is an unknown value
R13=0x00007ff863cf0000 is an unknown value
R14=0x0000000000000000 is an unknown value
R15=0x0000000021270328 is an unknown value


Stack: [0x0000000002aa0000,0x0000000002ba0000],  sp=0x0000000002b9ecc0,  free space=1019k
Native frames: (J=compiled Java code, j=interpreted, Vv=VM code, C=native code)
C  [nvoglv64.dll+0xa358d0]
C  [nvoglv64.dll+0xa366cb]
C  0x0000000002e38c67

Java frames: (J=compiled Java code, j=interpreted, Vv=VM code)
j  org.lwjgl.opengl.GL11C.glDrawArrays(III)V+0
j  org.lwjgl.opengl.GL11.glDrawArrays(III)V+3
j  game.DrawFont.draw(Ljava/lang/String;FFLorg/joml/Matrix4f;Lorg/joml/Vector4f;)V+290
j  game.DrawFont.draw(Ljava/lang/String;FFLorg/joml/Matrix4f;)V+14
j  game.Game.loop()V+374
j  game.Game.run()V+37
j  game.Game.main([Ljava/lang/String;)V+7
v  ~StubRoutines::call_stub

---------------  P R O C E S S  ---------------

Java Threads: ( => current thread )
  0x000000001e80f800 JavaThread "Service Thread" daemon [_thread_blocked, id=7904, stack(0x000000001f420000,0x000000001f520000)]
  0x000000001e77e000 JavaThread "C1 CompilerThread3" daemon [_thread_blocked, id=15744, stack(0x000000001f320000,0x000000001f420000)]
  0x000000001e773000 JavaThread "C2 CompilerThread2" daemon [_thread_blocked, id=18128, stack(0x000000001f220000,0x000000001f320000)]
  0x000000001e770000 JavaThread "C2 CompilerThread1" daemon [_thread_blocked, id=15460, stack(0x000000001f120000,0x000000001f220000)]
  0x000000001e76b000 JavaThread "C2 CompilerThread0" daemon [_thread_blocked, id=17208, stack(0x000000001f020000,0x000000001f120000)]
  0x000000001e768800 JavaThread "Monitor Ctrl-Break" daemon [_thread_in_native, id=16352, stack(0x000000001ef20000,0x000000001f020000)]
  0x000000001e651800 JavaThread "Attach Listener" daemon [_thread_blocked, id=19388, stack(0x000000001ee20000,0x000000001ef20000)]
  0x000000001e650000 JavaThread "Signal Dispatcher" daemon [_thread_blocked, id=2400, stack(0x000000001ed20000,0x000000001ee20000)]
  0x000000001e641000 JavaThread "Finalizer" daemon [_thread_blocked, id=17424, stack(0x000000001eb20000,0x000000001ec20000)]
  0x000000001c83d800 JavaThread "Reference Handler" daemon [_thread_blocked, id=1408, stack(0x000000001ea20000,0x000000001eb20000)]
=>0x0000000002d24000 JavaThread "main" [_thread_in_native, id=7088, stack(0x0000000002aa0000,0x0000000002ba0000)]

Other Threads:
  0x000000001c839000 VMThread [stack: 0x000000001e520000,0x000000001e620000] [id=17520]
  0x000000001e87a800 WatcherThread [stack: 0x000000001f520000,0x000000001f620000] [id=5640]

VM state:not at safepoint (normal execution)

VM Mutex/Monitor currently owned by a thread: None

heap address: 0x00000006c1c00000, size: 4068 MB, Compressed Oops mode: Zero based, Oop shift amount: 3
Narrow klass base: 0x0000000000000000, Narrow klass shift: 3
Compressed class space size: 1073741824 Address: 0x00000007c0000000

Heap:
 PSYoungGen      total 76288K, used 29208K [0x000000076b400000, 0x0000000770900000, 0x00000007c0000000)
  eden space 65536K, 44% used [0x000000076b400000,0x000000076d086160,0x000000076f400000)
  from space 10752K, 0% used [0x000000076fe80000,0x000000076fe80000,0x0000000770900000)
  to   space 10752K, 0% used [0x000000076f400000,0x000000076f400000,0x000000076fe80000)
 ParOldGen       total 175104K, used 0K [0x00000006c1c00000, 0x00000006cc700000, 0x000000076b400000)
  object space 175104K, 0% used [0x00000006c1c00000,0x00000006c1c00000,0x00000006cc700000)
 Metaspace       used 11968K, capacity 12191K, committed 12288K, reserved 1060864K
  class space    used 902K, capacity 1005K, committed 1024K, reserved 1048576K

Card table byte_map: [0x00000000121e0000,0x00000000129e0000] byte_map_base: 0x000000000ebd2000

Marking Bits: (ParMarkBitMap*) 0x0000000051755ce0
 Begin Bits: [0x0000000013730000, 0x00000000176c0000)
 End Bits:   [0x00000000176c0000, 0x000000001b650000)

Polling page: 0x0000000000c80000

CodeCache: size=245760Kb used=3116Kb max_used=3116Kb free=242643Kb
 bounds [0x0000000002e20000, 0x0000000003130000, 0x0000000011e20000]
 total_blobs=1690 nmethods=684 adapters=919
 compilation: enabled

Compilation events (10 events):
Event: 1.569 Thread 0x000000001e77e000  679       3       java.lang.Integer::getChars (131 bytes)
Event: 1.569 Thread 0x000000001e77e000 nmethod 679 0x0000000003121150 code [0x00000000031212e0, 0x0000000003121750]
Event: 1.574 Thread 0x000000001e77e000  680       3       java.lang.AbstractStringBuilder::append (62 bytes)
Event: 1.575 Thread 0x000000001e77e000 nmethod 680 0x0000000003121d90 code [0x0000000003121f80, 0x00000000031228b8]
Event: 1.577 Thread 0x000000001e77e000  682       3       java.net.URLClassLoader::defineClass (142 bytes)
Event: 1.578 Thread 0x000000001e77e000 nmethod 682 0x0000000003123350 code [0x00000000031236c0, 0x00000000031259b8]
Event: 1.578 Thread 0x000000001e77e000  683       3       java.lang.ClassNotFoundException::<init> (7 bytes)
Event: 1.578 Thread 0x000000001e77e000 nmethod 683 0x0000000003126c10 code [0x0000000003126d80, 0x0000000003126fc8]
Event: 1.586 Thread 0x000000001e77e000  684       3       java.net.URLStreamHandler::toExternalForm (219 bytes)
Event: 1.587 Thread 0x000000001e77e000 nmethod 684 0x00000000031278d0 code [0x0000000003127c20, 0x000000000312b228]

GC Heap History (0 events):
No events

Deoptimization events (1 events):
Event: 0.258 Thread 0x0000000002d24000 Uncommon trap: reason=null_check action=make_not_entrant pc=0x0000000002fa631c method=java.lang.String.equals(Ljava/lang/Object;)Z @ 8

Classes redefined (0 events):
No events

Internal exceptions (10 events):
Event: 0.258 Thread 0x0000000002d24000 Implicit null exception at 0x0000000002fa611b to 0x0000000002fa630d
Event: 0.275 Thread 0x0000000002d24000 Exception <a 'sun/nio/fs/WindowsException'> (0x000000076bd402a0) thrown at [C:\re\workspace\8-2-build-windows-amd64-cygwin\jdk8u202\12323\hotspot\src\share\vm\prims\jni.cpp, line 710]
Event: 0.275 Thread 0x0000000002d24000 Exception <a 'sun/nio/fs/WindowsException'> (0x000000076bd41d60) thrown at [C:\re\workspace\8-2-build-windows-amd64-cygwin\jdk8u202\12323\hotspot\src\share\vm\prims\jni.cpp, line 710]
Event: 0.301 Thread 0x0000000002d24000 Exception <a 'sun/nio/fs/WindowsException'> (0x000000076be51f58) thrown at [C:\re\workspace\8-2-build-windows-amd64-cygwin\jdk8u202\12323\hotspot\src\share\vm\prims\jni.cpp, line 710]
Event: 0.301 Thread 0x0000000002d24000 Exception <a 'sun/nio/fs/WindowsException'> (0x000000076be52670) thrown at [C:\re\workspace\8-2-build-windows-amd64-cygwin\jdk8u202\12323\hotspot\src\share\vm\prims\jni.cpp, line 710]
Event: 1.064 Thread 0x0000000002d24000 Exception <a 'sun/nio/fs/WindowsException'> (0x000000076beeb0e8) thrown at [C:\re\workspace\8-2-build-windows-amd64-cygwin\jdk8u202\12323\hotspot\src\share\vm\prims\jni.cpp, line 710]
Event: 1.064 Thread 0x0000000002d24000 Exception <a 'sun/nio/fs/WindowsException'> (0x000000076beeb828) thrown at [C:\re\workspace\8-2-build-windows-amd64-cygwin\jdk8u202\12323\hotspot\src\share\vm\prims\jni.cpp, line 710]
Event: 1.067 Thread 0x0000000002d24000 Exception <a 'sun/nio/fs/WindowsException'> (0x000000076bef5278) thrown at [C:\re\workspace\8-2-build-windows-amd64-cygwin\jdk8u202\12323\hotspot\src\share\vm\prims\jni.cpp, line 710]
Event: 1.067 Thread 0x0000000002d24000 Exception <a 'sun/nio/fs/WindowsException'> (0x000000076bef5870) thrown at [C:\re\workspace\8-2-build-windows-amd64-cygwin\jdk8u202\12323\hotspot\src\share\vm\prims\jni.cpp, line 710]
Event: 1.497 Thread 0x0000000002d24000 Exception <a 'java/io/FileNotFoundException'> (0x000000076cc19710) thrown at [C:\re\workspace\8-2-build-windows-amd64-cygwin\jdk8u202\12323\hotspot\src\share\vm\prims\jni.cpp, line 710]

Events (10 events):
Event: 1.585 loading class org/joml/Vector3ic
Event: 1.585 loading class org/joml/Vector3ic done
Event: 1.587 loading class org/joml/Vector2i
Event: 1.587 loading class org/joml/Vector2i done
Event: 1.587 loading class org/joml/Vector2ic
Event: 1.587 loading class org/joml/Vector2ic done
Event: 1.588 loading class org/joml/Quaternionf
Event: 1.588 loading class org/joml/Quaternionf done
Event: 1.589 loading class org/joml/Quaternionfc
Event: 1.589 loading class org/joml/Quaternionfc done


Dynamic libraries:
0x00007ff7b0410000 - 0x00007ff7b0447000 	C:\Program Files\Java\jdk1.8.0_202\bin\java.exe
0x00007ff8c47d0000 - 0x00007ff8c49c5000 	C:\WINDOWS\SYSTEM32\ntdll.dll
0x00007ff8c4600000 - 0x00007ff8c46be000 	C:\WINDOWS\System32\KERNEL32.DLL
0x00007ff8c2070000 - 0x00007ff8c2339000 	C:\WINDOWS\System32\KERNELBASE.dll
0x00007ff8c2cc0000 - 0x00007ff8c2d6c000 	C:\WINDOWS\System32\ADVAPI32.dll
0x00007ff8c2830000 - 0x00007ff8c28ce000 	C:\WINDOWS\System32\msvcrt.dll
0x00007ff8c28d0000 - 0x00007ff8c296b000 	C:\WINDOWS\System32\sechost.dll
0x00007ff8c35d0000 - 0x00007ff8c36fa000 	C:\WINDOWS\System32\RPCRT4.dll
0x00007ff8c43f0000 - 0x00007ff8c4591000 	C:\WINDOWS\System32\USER32.dll
0x00007ff8c1ef0000 - 0x00007ff8c1f12000 	C:\WINDOWS\System32\win32u.dll
0x00007ff8c2970000 - 0x00007ff8c299b000 	C:\WINDOWS\System32\GDI32.dll
0x00007ff8c24a0000 - 0x00007ff8c25ab000 	C:\WINDOWS\System32\gdi32full.dll
0x00007ff8c1f20000 - 0x00007ff8c1fbd000 	C:\WINDOWS\System32\msvcp_win.dll
0x00007ff8c2720000 - 0x00007ff8c2820000 	C:\WINDOWS\System32\ucrtbase.dll
0x00007ff8b20b0000 - 0x00007ff8b234a000 	C:\WINDOWS\WinSxS\amd64_microsoft.windows.common-controls_6595b64144ccf1df_6.0.19041.1110_none_60b5254171f9507e\COMCTL32.dll
0x00007ff8c2ad0000 - 0x00007ff8c2b00000 	C:\WINDOWS\System32\IMM32.DLL
0x00000000517e0000 - 0x00000000518b2000 	C:\Program Files\Java\jdk1.8.0_202\jre\bin\msvcr100.dll
0x0000000050f30000 - 0x00000000517d5000 	C:\Program Files\Java\jdk1.8.0_202\jre\bin\server\jvm.dll
0x00007ff8c2820000 - 0x00007ff8c2828000 	C:\WINDOWS\System32\PSAPI.DLL
0x00007ff8b3190000 - 0x00007ff8b31b7000 	C:\WINDOWS\SYSTEM32\WINMM.dll
0x00007ff8bd990000 - 0x00007ff8bd999000 	C:\WINDOWS\SYSTEM32\WSOCK32.dll
0x00007ff8b9430000 - 0x00007ff8b943a000 	C:\WINDOWS\SYSTEM32\VERSION.dll
0x00007ff8c3700000 - 0x00007ff8c376b000 	C:\WINDOWS\System32\WS2_32.dll
0x00007ff8b0170000 - 0x00007ff8b017f000 	C:\Program Files\Java\jdk1.8.0_202\jre\bin\verify.dll
0x00007ff8a0060000 - 0x00007ff8a0089000 	C:\Program Files\Java\jdk1.8.0_202\jre\bin\java.dll
0x00007ff890c50000 - 0x00007ff890c73000 	C:\Program Files\Java\jdk1.8.0_202\jre\bin\instrument.dll
0x00007ff8a4760000 - 0x00007ff8a4776000 	C:\Program Files\Java\jdk1.8.0_202\jre\bin\zip.dll
0x00007ff8c3950000 - 0x00007ff8c408f000 	C:\WINDOWS\System32\SHELL32.dll
0x00007ff8bffb0000 - 0x00007ff8c0740000 	C:\WINDOWS\SYSTEM32\windows.storage.dll
0x00007ff8c4090000 - 0x00007ff8c43e5000 	C:\WINDOWS\System32\combase.dll
0x00007ff8c1940000 - 0x00007ff8c196c000 	C:\WINDOWS\SYSTEM32\Wldp.dll
0x00007ff8c38a0000 - 0x00007ff8c394d000 	C:\WINDOWS\System32\SHCORE.dll
0x00007ff8c46c0000 - 0x00007ff8c4715000 	C:\WINDOWS\System32\shlwapi.dll
0x00007ff8c1e30000 - 0x00007ff8c1e4f000 	C:\WINDOWS\SYSTEM32\profapi.dll
0x00007ff891f00000 - 0x00007ff891f1a000 	C:\Program Files\JetBrains\IntelliJ IDEA Community Edition 2018.3.6\bin\breakgen64.dll
0x00007ff8a0e70000 - 0x00007ff8a0e8a000 	C:\Program Files\Java\jdk1.8.0_202\jre\bin\net.dll
0x00007ff8b08c0000 - 0x00007ff8b0aab000 	C:\WINDOWS\SYSTEM32\urlmon.dll
0x00007ff8b05e0000 - 0x00007ff8b0890000 	C:\WINDOWS\SYSTEM32\iertutil.dll
0x00007ff8b0890000 - 0x00007ff8b08b8000 	C:\WINDOWS\SYSTEM32\srvcli.dll
0x00007ff8c1420000 - 0x00007ff8c142c000 	C:\WINDOWS\SYSTEM32\netutils.dll
0x00007ff8c1650000 - 0x00007ff8c16ba000 	C:\WINDOWS\system32\mswsock.dll
0x00007ff896400000 - 0x00007ff896412000 	C:\Program Files\Java\jdk1.8.0_202\jre\bin\nio.dll
0x00007ff890b50000 - 0x00007ff890bb4000 	C:\Users\isaac\AppData\Local\Temp\lwjglisaac\3.2.3-build-13\lwjgl.dll
0x00007ff88e8b0000 - 0x00007ff88e912000 	C:\Users\isaac\AppData\Local\Temp\lwjglisaac\3.2.3-build-13\glfw.dll
0x00007ff8bf8d0000 - 0x00007ff8bf96e000 	C:\WINDOWS\system32\uxtheme.dll
0x00007ff88f7c0000 - 0x00007ff88f805000 	C:\WINDOWS\SYSTEM32\dinput8.dll
0x00007ff8a5400000 - 0x00007ff8a5411000 	C:\WINDOWS\SYSTEM32\xinput1_4.dll
0x00007ff8c1fc0000 - 0x00007ff8c200e000 	C:\WINDOWS\System32\cfgmgr32.dll
0x00007ff8c1c90000 - 0x00007ff8c1cc4000 	C:\WINDOWS\SYSTEM32\DEVOBJ.dll
0x00007ff8bfac0000 - 0x00007ff8bfaef000 	C:\WINDOWS\SYSTEM32\dwmapi.dll
0x00007ff8a5260000 - 0x00007ff8a53b2000 	C:\WINDOWS\SYSTEM32\inputhost.dll
0x00007ff8c2a00000 - 0x00007ff8c2acd000 	C:\WINDOWS\System32\OLEAUT32.dll
0x00007ff8bf410000 - 0x00007ff8bf502000 	C:\WINDOWS\SYSTEM32\CoreMessaging.dll
0x00007ff8be3e0000 - 0x00007ff8be534000 	C:\WINDOWS\SYSTEM32\wintypes.dll
0x00007ff8bda50000 - 0x00007ff8bdb46000 	C:\WINDOWS\SYSTEM32\PROPSYS.dll
0x00007ff8c2690000 - 0x00007ff8c2713000 	C:\WINDOWS\System32\bcryptPrimitives.dll
0x00007ff8bf0b0000 - 0x00007ff8bf40e000 	C:\WINDOWS\SYSTEM32\CoreUIComponents.dll
0x00007ff8bfdb0000 - 0x00007ff8bfdc2000 	C:\WINDOWS\SYSTEM32\kernel.appcore.dll
0x00007ff8c0ba0000 - 0x00007ff8c0bd3000 	C:\WINDOWS\SYSTEM32\ntmarta.dll
0x00007ff8c2f20000 - 0x00007ff8c3035000 	C:\WINDOWS\System32\MSCTF.dll
0x00007ff8c0740000 - 0x00007ff8c074d000 	C:\WINDOWS\SYSTEM32\HID.DLL
0x00007ff8c3120000 - 0x00007ff8c3592000 	C:\WINDOWS\System32\SETUPAPI.DLL
0x00007ff8c25b0000 - 0x00007ff8c25d7000 	C:\WINDOWS\System32\bcrypt.dll
0x00007ff8c2010000 - 0x00007ff8c2070000 	C:\WINDOWS\System32\WINTRUST.dll
0x00007ff8c2340000 - 0x00007ff8c2496000 	C:\WINDOWS\System32\CRYPT32.dll
0x00007ff8c1ad0000 - 0x00007ff8c1ae2000 	C:\WINDOWS\SYSTEM32\MSASN1.dll
0x00007ff8a7400000 - 0x00007ff8a7525000 	C:\WINDOWS\SYSTEM32\opengl32.dll
0x00007ff8a60f0000 - 0x00007ff8a611c000 	C:\WINDOWS\SYSTEM32\GLU32.dll
0x00007ff8c2b90000 - 0x00007ff8c2c39000 	C:\WINDOWS\System32\clbcatq.dll
0x00007ff863cf0000 - 0x00007ff8663c5000 	C:\WINDOWS\System32\DriverStore\FileRepository\nvacegpu.inf_amd64_f8f5bc8650263f5c\nvoglv64.dll
0x00007ff8c3770000 - 0x00007ff8c389a000 	C:\WINDOWS\System32\ole32.dll
0x00007ff8bdbb0000 - 0x00007ff8bdbc4000 	C:\WINDOWS\SYSTEM32\WTSAPI32.dll
0x00007ff8b9440000 - 0x00007ff8b947b000 	C:\WINDOWS\SYSTEM32\dxcore.dll
0x00007ff8a1c40000 - 0x00007ff8a1ea6000 	C:\WINDOWS\system32\nvspcap64.dll
0x00007ff8c1480000 - 0x00007ff8c14cb000 	C:\WINDOWS\SYSTEM32\powrprof.dll
0x00007ff8c12e0000 - 0x00007ff8c12f2000 	C:\WINDOWS\SYSTEM32\UMPDC.dll
0x00007ff8c0c10000 - 0x00007ff8c0c6a000 	C:\WINDOWS\SYSTEM32\WINSTA.dll
0x00007ff8c07a0000 - 0x00007ff8c0894000 	C:\WINDOWS\SYSTEM32\dxgi.dll
0x00007ff8bdbd0000 - 0x00007ff8bde34000 	C:\WINDOWS\SYSTEM32\d3d11.dll
0x00007ff8a4de0000 - 0x00007ff8a4ecf000 	C:\WINDOWS\System32\DriverStore\FileRepository\nvacegpu.inf_amd64_f8f5bc8650263f5c\nvldumdx.dll
0x00007ff8b8340000 - 0x00007ff8b8371000 	C:\WINDOWS\SYSTEM32\cryptnet.dll
0x00007ff8c18b0000 - 0x00007ff8c18bc000 	C:\WINDOWS\SYSTEM32\cryptbase.dll
0x00007ff8c35b0000 - 0x00007ff8c35cd000 	C:\WINDOWS\System32\imagehlp.dll
0x00007ff8c1890000 - 0x00007ff8c18a8000 	C:\WINDOWS\SYSTEM32\CRYPTSP.dll
0x00007ff8c0f70000 - 0x00007ff8c0fa4000 	C:\WINDOWS\system32\rsaenh.dll
0x00007ff8a20c0000 - 0x00007ff8a4760000 	C:\WINDOWS\System32\DriverStore\FileRepository\nvacegpu.inf_amd64_f8f5bc8650263f5c\nvwgf2umx.dll
0x00007ff8b2b60000 - 0x00007ff8b304e000 	C:\WINDOWS\SYSTEM32\nvapi64.dll
0x00007ff897a70000 - 0x00007ff897b69000 	C:\WINDOWS\SYSTEM32\textinputframework.dll
0x00007ff8815a0000 - 0x00007ff8815f9000 	C:\Users\isaac\AppData\Local\Temp\lwjglisaac\3.2.3-build-13\lwjgl_opengl.dll
0x00007ff8ac400000 - 0x00007ff8ac5e4000 	C:\WINDOWS\SYSTEM32\dbghelp.dll

VM Arguments:
jvm_args: -javaagent:C:\Program Files\JetBrains\IntelliJ IDEA Community Edition 2018.3.6\lib\idea_rt.jar=60366:C:\Program Files\JetBrains\IntelliJ IDEA Community Edition 2018.3.6\bin -Dfile.encoding=UTF-8 
java_command: game.Game
java_class_path (initial): C:\Program Files\Java\jdk1.8.0_202\jre\lib\charsets.jar;C:\Program Files\Java\jdk1.8.0_202\jre\lib\deploy.jar;C:\Program Files\Java\jdk1.8.0_202\jre\lib\ext\access-bridge-64.jar;C:\Program Files\Java\jdk1.8.0_202\jre\lib\ext\cldrdata.jar;C:\Program Files\Java\jdk1.8.0_202\jre\lib\ext\dnsns.jar;C:\Program Files\Java\jdk1.8.0_202\jre\lib\ext\jaccess.jar;C:\Program Files\Java\jdk1.8.0_202\jre\lib\ext\jfxrt.jar;C:\Program Files\Java\jdk1.8.0_202\jre\lib\ext\localedata.jar;C:\Program Files\Java\jdk1.8.0_202\jre\lib\ext\nashorn.jar;C:\Program Files\Java\jdk1.8.0_202\jre\lib\ext\sunec.jar;C:\Program Files\Java\jdk1.8.0_202\jre\lib\ext\sunjce_provider.jar;C:\Program Files\Java\jdk1.8.0_202\jre\lib\ext\sunmscapi.jar;C:\Program Files\Java\jdk1.8.0_202\jre\lib\ext\sunpkcs11.jar;C:\Program Files\Java\jdk1.8.0_202\jre\lib\ext\zipfs.jar;C:\Program Files\Java\jdk1.8.0_202\jre\lib\javaws.jar;C:\Program Files\Java\jdk1.8.0_202\jre\lib\jce.jar;C:\Program Files\Java\jdk1.8.0_202\jre\lib\jfr.jar;C:\Program Files\Java\jdk1.8.0_202\jre\lib\jfxswt.jar;C:\Program Files\Java\jdk1.8.0_202\jre\lib\jsse.jar;C:\Program Files\Java\jdk1.8.0_202\jre\lib\management-agent.jar;C:\Program Files\Java\jdk1.8.0_202\jre\lib\plugin.jar;C:\Program Files\Java\jdk1.8.0_202\jre\lib\resources.jar;C:\Program Files\Java\jdk1.8.0_202\jre\lib\rt.jar;C:\Users\isaac\IdeaProjects\RhythmGame\target\classes;C:\Users\isaac\.m2\repository\org\lwjgl\lwjgl\3.2.3\lwjgl-3.2.3.jar;C:\Users\isaac\.m2\repository\org\lwjgl\lwjgl-assimp\3.2.3\lwjgl-assimp-3.2.3.jar;C:\Users\isaac\.m2\repository\org\lwjgl\lwjgl-glfw\3.2.3\lwjgl-glfw-3.2.3.jar;C:\Users\isaac\.m2\repository\org\lwjgl\lwjgl-openal\3.2.3\lwjgl-openal-3.2.3.jar;C:\Users\isaac\.m2\repository\org\lwjgl\lwjgl-opengl\3.2.3\lwjgl-opengl-3.2.3.jar;C:\Users\isaac\.m2\repository\org\lwjgl\lwjgl-stb\3.2.3\lwjgl-stb-3.2.3.jar;C:\Users\isaac\.m2\repository\org\lwjgl\lwjgl\3.2.3\lwjgl-3.2.3-natives-windows.jar;C:\Users\isaac\.m2\repository\org\lwjgl\lwj
Launcher Type: SUN_STANDARD

Environment Variables:
JAVA_HOME=C:\Program Files\Java\jdk-14
PATH=C:\Program Files (x86)\Intel\iCLS Client\;C:\Program Files\Oculus\Support\oculus-runtime;C:\Program Files (x86)\Razer Chroma SDK\bin;C:\Program Files\Razer Chroma SDK\bin;C:\Program Files (x86)\Razer\ChromaBroadcast\bin;C:\Program Files\Razer\ChromaBroadcast\bin;C:\Python27\;C:\Python27\Scripts;C:\ProgramData\Boxstarter;C:\Program Files\Intel\iCLS Client\;C:\Windows\system32;C:\Windows;C:\Windows\System32\Wbem;C:\Windows\System32\WindowsPowerShell\v1.0\;C:\Program Files (x86)\NVIDIA Corporation\PhysX\Common;C:\WINDOWS\system32;C:\WINDOWS;C:\WINDOWS\System32\Wbem;C:\WINDOWS\System32\WindowsPowerShell\v1.0\;C:\WINDOWS\System32\OpenSSH\;C:\Program Files\Git\cmd;C:\ProgramData\chocolatey\bin;C:\msys64\mingw64\bin;C:\Program Files\nodejs\;C:\Program Files (x86)\Git\cmd;C:\WINDOWS\system32\config\systemprofile\AppData\Local\Microsoft\WindowsApps;C:\WINDOWS\system32;C:\WINDOWS;C:\WINDOWS\System32\Wbem;C:\WINDOWS\System32\WindowsPowerShell\v1.0\;C:\WINDOWS\System32\OpenSSH\;C:\Program Files (x86)\Vim\vim82;C:\Program Files\Java\jdk-14\bin;C:\Program Files (x86)\Intel\Intel(R) Management Engine Components\DAL;C:\Program Files\Intel\Intel(R) Management Engine Components\DAL;C:\Program Files (x86)\Intel\Intel(R) Management Engine Components\IPT;C:\Program Files\Intel\Intel(R) Management Engine Components\IPT;C:\opts\apache-maven-3.8.1\bin;C:\Program Files\CMake\bin;C:\Program Files\Git LFS;C:\Users\isaac\scoop\shims;C:\Program Files (x86)\Conan\conan;C:\Users\isaac\AppData\Local\Microsoft\WindowsApps;C:\Users\isaac\AppData\Local\Programs\Microsoft VS Code\bin;C:\Users\isaac\AppData\Roaming\npm;C:\Users\isaac\AppData\Local\Microsoft\WindowsApps;C:\Program Files\JetBrains\PyCharm 2019.2.3\bin;C:\Users\isaac\AppData\Roaming\cabal\bin;C:\tools\ghc-9.0.1\bin;C:\tools\msys64;C:\ProgramData\chocolatey\lib\mingw\tools\install\mingw64\bin;
USERNAME=isaac
OS=Windows_NT
PROCESSOR_IDENTIFIER=Intel64 Family 6 Model 158 Stepping 9, GenuineIntel



---------------  S Y S T E M  ---------------

OS: Windows 10.0 , 64 bit Build 19041 (10.0.19041.1202)

CPU:total 8 (initial active 8) (4 cores per cpu, 2 threads per core) family 6 model 158 stepping 9, cmov, cx8, fxsr, mmx, sse, sse2, sse3, ssse3, sse4.1, sse4.2, popcnt, avx, avx2, aes, clmul, erms, 3dnowpref, lzcnt, ht, tsc, tscinvbit, bmi1, bmi2, adx

Memory: 4k page, physical 16658020k(8274404k free), swap 19148388k(6230468k free)

vm_info: Java HotSpot(TM) 64-Bit Server VM (25.202-b08) for windows-amd64 JRE (1.8.0_202-b08), built on Dec 15 2018 19:54:30 by "java_re" with MS VC++ 10.0 (VS2010)

time: Sat Oct 16 01:44:39 2021
timezone: Eastern Daylight Time
elapsed time: 1 seconds (0d 0h 0m 1s)

